"../../../../../Flo/Suli/BME/Szakdolgozat/Illusion/Content/VirtualReality/Materials/M_BaseMaterial.uasset" 0
"../../../../../Flo/Suli/BME/Szakdolgozat/Illusion/Content/Geometry/Meshes/CubeMaterial.uasset" 1
"../../../../../Flo/Suli/BME/Szakdolgozat/Illusion/Content/Geometry/Meshes/1M_Cube.uasset" 2
"../../../../../Flo/Suli/BME/Szakdolgozat/Illusion/Content/Meshes/MagicObject.uasset" 3
"../../../../../Flo/Suli/BME/Szakdolgozat/Illusion/Content/Meshes/MagicCube.uasset" 4
"../../../../../Flo/Suli/BME/Szakdolgozat/Illusion/Content/MagicCube.uasset" 5
"../../../../../Flo/Suli/BME/Szakdolgozat/Illusion/Content/CubeShrinking.uasset" 6
"../../../../../Flo/Suli/BME/Szakdolgozat/Illusion/Content/EditorCube8_Blueprint.uasset" 7
"../../../../../Flo/Suli/BME/Szakdolgozat/Illusion/Content/FirstPerson/Character/Mesh/SK_Mannequin_Arms_Skeleton.uasset" 8
"../../../../../Flo/Suli/BME/Szakdolgozat/Illusion/Content/FirstPerson/Animations/FirstPerson_Idle.uasset" 9
"../../../../../Flo/Suli/BME/Szakdolgozat/Illusion/Content/FirstPerson/Animations/FirstPerson_JumpEnd.uasset" 10
"../../../../../Flo/Suli/BME/Szakdolgozat/Illusion/Content/FirstPerson/Animations/FirstPerson_JumpLoop.uasset" 11
"../../../../../Flo/Suli/BME/Szakdolgozat/Illusion/Content/FirstPerson/Animations/FirstPerson_JumpStart.uasset" 12
"../../../../../Flo/Suli/BME/Szakdolgozat/Illusion/Content/FirstPerson/Animations/FirstPerson_Run.uasset" 13
"../../../Engine/Content/EditorBlueprintResources/StandardMacros.uasset" 14
"../../../../../Flo/Suli/BME/Szakdolgozat/Illusion/Content/FirstPerson/Animations/FirstPerson_AnimBP.uasset" 15
"../../../../../Flo/Suli/BME/Szakdolgozat/Illusion/Content/FirstPerson/Character/Mesh/FirstPersonAnimBlueprint_Copy.uasset" 16
"../../../../../Flo/Suli/BME/Szakdolgozat/Illusion/Content/FirstPerson/Character/Textures/UE4_LOGO_CARD.uasset" 17
"../../../../../Flo/Suli/BME/Szakdolgozat/Illusion/Content/FirstPerson/FPWeapon/Materials/MaterialLayers/ML_Plastic_Shiny_Beige_LOGO.uasset" 18
"../../../../../Flo/Suli/BME/Szakdolgozat/Illusion/Content/FirstPerson/FPWeapon/Materials/MaterialLayers/T_ML_FineRubber.uasset" 19
"../../../../../Flo/Suli/BME/Szakdolgozat/Illusion/Content/FirstPerson/FPWeapon/Mesh/SK_FPGun_PhysicsAsset.uasset" 20
"../../../../../Flo/Suli/BME/Szakdolgozat/Illusion/Content/FirstPerson/Meshes/BaseMaterial.uasset" 21
"../../../../../Flo/Suli/BME/Szakdolgozat/Illusion/Content/FirstPerson/Meshes/FirstPersonProjectileMaterial.uasset" 22
"../../../../../Flo/Suli/BME/Szakdolgozat/Illusion/Content/FirstPerson/Meshes/FirstPersonProjectileMesh.uasset" 23
"../../../../../Flo/Suli/BME/Szakdolgozat/Illusion/Content/FirstPerson/Textures/FirstPersonCrosshair.uasset" 24
"../../../../../Flo/Suli/BME/Szakdolgozat/Illusion/Content/FirstPerson/Animations/FirstPerson_Fire.uasset" 25
"../../../../../Flo/Suli/BME/Szakdolgozat/Illusion/Content/FirstPersonBP/Animations/FirstPersonFire_Montage.uasset" 26
"../../../../../Flo/Suli/BME/Szakdolgozat/Illusion/Content/FirstPersonBP/Animations/FirstPerson_AnimBP.uasset" 27
"../../../../../Flo/Suli/BME/Szakdolgozat/Illusion/Content/FirstPersonBP/Animations/FirstPerson_Fire.uasset" 28
"../../../../../Flo/Suli/BME/Szakdolgozat/Illusion/Content/FirstPersonBP/Animations/FirstPerson_Idle.uasset" 29
"../../../../../Flo/Suli/BME/Szakdolgozat/Illusion/Content/FirstPersonBP/Animations/FirstPerson_JumpEnd.uasset" 30
"../../../../../Flo/Suli/BME/Szakdolgozat/Illusion/Content/FirstPersonBP/Animations/FirstPerson_JumpLoop.uasset" 31
"../../../../../Flo/Suli/BME/Szakdolgozat/Illusion/Content/FirstPersonBP/Animations/FirstPerson_JumpStart.uasset" 32
"../../../../../Flo/Suli/BME/Szakdolgozat/Illusion/Content/FirstPersonBP/Animations/FirstPerson_Run.uasset" 33
"../../../../../Flo/Suli/BME/Szakdolgozat/Illusion/Content/FirstPersonBP/Audio/FirstPersonTemplateWeaponFire02.uasset" 34
"../../../Engine/Content/Functions/Engine_MaterialFunctions02/Utility/BlendAngleCorrectedNormals.uasset" 35
"../../../Engine/Content/Functions/MaterialLayerFunctions/MatLayerBlend_NormalBlend.uasset" 36
"../../../Engine/Content/Functions/MaterialLayerFunctions/MatLayerBlend_Simple.uasset" 37
"../../../../../Flo/Suli/BME/Szakdolgozat/Illusion/Content/FirstPerson/Character/Materials/MaterialLayers/T_ML_Rubber_Blue_01_D.uasset" 38
"../../../../../Flo/Suli/BME/Szakdolgozat/Illusion/Content/FirstPerson/Character/Materials/MaterialLayers/T_ML_Rubber_Blue_01_N.uasset" 39
"../../../../../Flo/Suli/BME/Szakdolgozat/Illusion/Content/FirstPerson/Character/Materials/MaterialLayers/ML_GlossyBlack_Latex_UE4.uasset" 40
"../../../../../Flo/Suli/BME/Szakdolgozat/Illusion/Content/FirstPerson/Character/Materials/MaterialLayers/ML_Plastic_Shiny_Beige.uasset" 41
"../../../../../Flo/Suli/BME/Szakdolgozat/Illusion/Content/FirstPerson/Character/Materials/MaterialLayers/ML_Plastic_Shiny_Beige_LOGO.uasset" 42
"../../../../../Flo/Suli/BME/Szakdolgozat/Illusion/Content/FirstPerson/Character/Materials/MaterialLayers/T_ML_Aluminum01.uasset" 43
"../../../../../Flo/Suli/BME/Szakdolgozat/Illusion/Content/FirstPerson/Character/Materials/MaterialLayers/T_ML_Aluminum01_N.uasset" 44
"../../../../../Flo/Suli/BME/Szakdolgozat/Illusion/Content/FirstPerson/Character/Materials/MaterialLayers/ML_SoftMetal_UE4.uasset" 45
"../../../../../Flo/Suli/BME/Szakdolgozat/Illusion/Content/FirstPerson/Character/Textures/UE4_Mannequin__normals.uasset" 46
"../../../../../Flo/Suli/BME/Szakdolgozat/Illusion/Content/FirstPerson/Character/Textures/UE4_Mannequin_MAT_MASKA.uasset" 47
"../../../../../Flo/Suli/BME/Szakdolgozat/Illusion/Content/FirstPersonBP/Character/Materials/M_UE4Man_Body.uasset" 48
"../../../../../Flo/Suli/BME/Szakdolgozat/Illusion/Content/FirstPersonBP/Character/Materials/MaterialLayers/ML_GlossyBlack_Latex_UE4.uasset" 49
"../../../../../Flo/Suli/BME/Szakdolgozat/Illusion/Content/FirstPersonBP/Character/Materials/MaterialLayers/ML_Plastic_Shiny_Beige.uasset" 50
"../../../../../Flo/Suli/BME/Szakdolgozat/Illusion/Content/FirstPersonBP/Character/Materials/MaterialLayers/ML_Plastic_Shiny_Beige_LOGO.uasset" 51
"../../../../../Flo/Suli/BME/Szakdolgozat/Illusion/Content/FirstPersonBP/Character/Materials/MaterialLayers/ML_SoftMetal_UE4.uasset" 52
"../../../../../Flo/Suli/BME/Szakdolgozat/Illusion/Content/FirstPersonBP/Character/Materials/MaterialLayers/T_ML_Aluminum01.uasset" 53
"../../../../../Flo/Suli/BME/Szakdolgozat/Illusion/Content/FirstPersonBP/Character/Materials/MaterialLayers/T_ML_Aluminum01_N.uasset" 54
"../../../../../Flo/Suli/BME/Szakdolgozat/Illusion/Content/FirstPersonBP/Character/Materials/MaterialLayers/T_ML_Rubber_Blue_01_D.uasset" 55
"../../../../../Flo/Suli/BME/Szakdolgozat/Illusion/Content/FirstPersonBP/Character/Materials/MaterialLayers/T_ML_Rubber_Blue_01_N.uasset" 56
"../../../../../Flo/Suli/BME/Szakdolgozat/Illusion/Content/FirstPerson/Character/Materials/M_UE4Man_Body.uasset" 57
"../../../../../Flo/Suli/BME/Szakdolgozat/Illusion/Content/FirstPerson/Character/Mesh/SK_Mannequin_Arms_PhysicsAsset.uasset" 58
"../../../../../Flo/Suli/BME/Szakdolgozat/Illusion/Content/FirstPersonBP/Character/Mesh/SK_Mannequin_Arms.uasset" 59
"../../../../../Flo/Suli/BME/Szakdolgozat/Illusion/Content/FirstPersonBP/Character/Mesh/SK_Mannequin_Arms_PhysicsAsset.uasset" 60
"../../../../../Flo/Suli/BME/Szakdolgozat/Illusion/Content/FirstPersonBP/Character/Mesh/SK_Mannequin_Arms_Skeleton.uasset" 61
"../../../../../Flo/Suli/BME/Szakdolgozat/Illusion/Content/FirstPersonBP/Character/Textures/UE4_LOGO_CARD.uasset" 62
"../../../../../Flo/Suli/BME/Szakdolgozat/Illusion/Content/FirstPersonBP/Character/Textures/UE4_Mannequin_MAT_MASKA.uasset" 63
"../../../../../Flo/Suli/BME/Szakdolgozat/Illusion/Content/FirstPersonBP/Character/Textures/UE4_Mannequin__normals.uasset" 64
"../../../../../Flo/Suli/BME/Szakdolgozat/Illusion/Content/FirstPersonBP/FirstPersonBP/FirstPersonOverview.uasset" 65
"../../../../../Flo/Suli/BME/Szakdolgozat/Illusion/Content/FirstPersonBP/FirstPersonBP/Blueprints/FirstPersonGameMode.uasset" 66
"../../../../../Flo/Suli/BME/Szakdolgozat/Illusion/Content/FirstPersonBP/FirstPersonBP/Blueprints/FirstPersonHUD.uasset" 67
"../../../../../Flo/Suli/BME/Szakdolgozat/Illusion/Content/FirstPerson/FPWeapon/Materials/MaterialLayers/T_ML_Rubber_Blue_01_D.uasset" 68
"../../../../../Flo/Suli/BME/Szakdolgozat/Illusion/Content/FirstPerson/FPWeapon/Materials/MaterialLayers/T_ML_Rubber_Blue_01_N.uasset" 69
"../../../../../Flo/Suli/BME/Szakdolgozat/Illusion/Content/FirstPerson/FPWeapon/Materials/MaterialLayers/ML_GlossyBlack_Latex_UE4.uasset" 70
"../../../../../Flo/Suli/BME/Szakdolgozat/Illusion/Content/FirstPerson/FPWeapon/Materials/MaterialLayers/ML_Plastic_Shiny_Beige.uasset" 71
"../../../../../Flo/Suli/BME/Szakdolgozat/Illusion/Content/FirstPerson/FPWeapon/Materials/MaterialLayers/ML_Screen.uasset" 72
"../../../../../Flo/Suli/BME/Szakdolgozat/Illusion/Content/FirstPerson/FPWeapon/Materials/MaterialLayers/T_ML_Aluminum01.uasset" 73
"../../../../../Flo/Suli/BME/Szakdolgozat/Illusion/Content/FirstPerson/FPWeapon/Materials/MaterialLayers/T_ML_Aluminum01_N.uasset" 74
"../../../../../Flo/Suli/BME/Szakdolgozat/Illusion/Content/FirstPerson/FPWeapon/Materials/MaterialLayers/ML_SoftMetal_UE4.uasset" 75
"../../../../../Flo/Suli/BME/Szakdolgozat/Illusion/Content/FirstPerson/FPWeapon/Textures/T_FPGun_M.uasset" 76
"../../../../../Flo/Suli/BME/Szakdolgozat/Illusion/Content/FirstPerson/FPWeapon/Textures/T_FPGun_N.uasset" 77
"../../../../../Flo/Suli/BME/Szakdolgozat/Illusion/Content/FirstPersonBP/FPWeapon/Materials/M_FPGun.uasset" 78
"../../../../../Flo/Suli/BME/Szakdolgozat/Illusion/Content/FirstPersonBP/FPWeapon/Materials/MaterialLayers/ML_GlossyBlack_Latex_UE4.uasset" 79
"../../../../../Flo/Suli/BME/Szakdolgozat/Illusion/Content/FirstPersonBP/FPWeapon/Materials/MaterialLayers/ML_Plastic_Shiny_Beige.uasset" 80
"../../../../../Flo/Suli/BME/Szakdolgozat/Illusion/Content/FirstPersonBP/FPWeapon/Materials/MaterialLayers/ML_Screen.uasset" 81
"../../../../../Flo/Suli/BME/Szakdolgozat/Illusion/Content/FirstPersonBP/FPWeapon/Materials/MaterialLayers/ML_SoftMetal_UE4.uasset" 82
"../../../../../Flo/Suli/BME/Szakdolgozat/Illusion/Content/FirstPersonBP/FPWeapon/Materials/MaterialLayers/T_ML_Aluminum01.uasset" 83
"../../../../../Flo/Suli/BME/Szakdolgozat/Illusion/Content/FirstPersonBP/FPWeapon/Materials/MaterialLayers/T_ML_Aluminum01_N.uasset" 84
"../../../../../Flo/Suli/BME/Szakdolgozat/Illusion/Content/FirstPersonBP/FPWeapon/Materials/MaterialLayers/T_ML_Rubber_Blue_01_D.uasset" 85
"../../../../../Flo/Suli/BME/Szakdolgozat/Illusion/Content/FirstPersonBP/FPWeapon/Materials/MaterialLayers/T_ML_Rubber_Blue_01_N.uasset" 86
"../../../../../Flo/Suli/BME/Szakdolgozat/Illusion/Content/FirstPerson/FPWeapon/Materials/M_FPGun.uasset" 87
"../../../../../Flo/Suli/BME/Szakdolgozat/Illusion/Content/FirstPerson/FPWeapon/Mesh/SK_FPGun_Skeleton.uasset" 88
"../../../../../Flo/Suli/BME/Szakdolgozat/Illusion/Content/FirstPersonBP/FPWeapon/Mesh/SK_FPGun.uasset" 89
"../../../../../Flo/Suli/BME/Szakdolgozat/Illusion/Content/FirstPersonBP/FPWeapon/Mesh/SK_FPGun_Skeleton.uasset" 90
"../../../../../Flo/Suli/BME/Szakdolgozat/Illusion/Content/FirstPersonBP/FPWeapon/Textures/T_FPGun_M.uasset" 91
"../../../../../Flo/Suli/BME/Szakdolgozat/Illusion/Content/FirstPersonBP/FPWeapon/Textures/T_FPGun_N.uasset" 92
"../../../../../Flo/Suli/BME/Szakdolgozat/Illusion/Content/FirstPersonBP/Meshes/1M_Cube.uasset" 93
"../../../../../Flo/Suli/BME/Szakdolgozat/Illusion/Content/FirstPersonBP/Meshes/BaseMaterial.uasset" 94
"../../../../../Flo/Suli/BME/Szakdolgozat/Illusion/Content/FirstPersonBP/Meshes/CubeMaterial.uasset" 95
"../../../../../Flo/Suli/BME/Szakdolgozat/Illusion/Content/FirstPersonBP/Meshes/CubeMaterialOverride.uasset" 96
"../../../../../Flo/Suli/BME/Szakdolgozat/Illusion/Content/FirstPersonBP/Textures/FirstPersonCrosshair.uasset" 97
"../../../../../Flo/Suli/BME/Szakdolgozat/Illusion/Content/Geometry/Meshes/1M_Cube_Chamfer.uasset" 98
"../../../../../Flo/Suli/BME/Szakdolgozat/Illusion/Content/Geometry/Meshes/TemplateFloor.uasset" 99
"../../../../../Flo/Suli/BME/Szakdolgozat/Illusion/Content/Levels/64_grey_4.uasset" 100
"../../../../../Flo/Suli/BME/Szakdolgozat/Illusion/Content/Levels/BlackUnlitMat.uasset" 101
"../../../../../Flo/Suli/BME/Szakdolgozat/Illusion/Content/Levels/BlackMat.uasset" 102
"../../../../../Flo/Suli/BME/Szakdolgozat/Illusion/Content/Levels/BlackMatt.uasset" 103
"../../../../../Flo/Suli/BME/Szakdolgozat/Illusion/Content/Levels/BlackMat_2.uasset" 104
"../../../Engine/Content/EngineDebugMaterials/HeatmapGradient.uasset" 105
"../../../Engine/Content/EngineSky/T_Sky_Stars.uasset" 106
"../../../../../Flo/Suli/BME/Szakdolgozat/Illusion/Content/Levels/HalfInvisibleMat.uasset" 107
"../../../../../Flo/Suli/BME/Szakdolgozat/Illusion/Content/Skybox/Skybox/Skybox.uasset" 108
"../../../../../Flo/Suli/BME/Szakdolgozat/Illusion/Content/Levels/HalfInvisibleMatInversed.uasset" 109
"../../../../../Flo/Suli/BME/Szakdolgozat/Illusion/Content/Levels/LevelMat.uasset" 110
"../../../../../Flo/Suli/BME/Szakdolgozat/Illusion/Content/Levels/sky_stars4.uasset" 111
"../../../Engine/Content/MaterialTemplates/Gradients/Gradient_Star.uasset" 112
"../../../../../Flo/Suli/BME/Szakdolgozat/Illusion/Content/Levels/vizsgapalya_pinteradri.uasset" 113
"../../../../../Flo/Suli/BME/Szakdolgozat/Illusion/Content/Levels/WhiteUnlitMat.uasset" 114
"../../../../../Flo/Suli/BME/Szakdolgozat/Illusion/Content/Levels/WhiteMat.uasset" 115
"../../../../../Flo/Suli/BME/Szakdolgozat/Illusion/Content/Levels/white.uasset" 116
"../../../../../Flo/Suli/BME/Szakdolgozat/Illusion/Content/Levels/IllusionTestMap/white.uasset" 117
"../../../../../Flo/Suli/BME/Szakdolgozat/Illusion/Content/Levels/IllusionTestMap/IllusionTestMap_entity0_brush24.uasset" 118
"../../../../../Flo/Suli/BME/Szakdolgozat/Illusion/Content/Levels/IllusionTestMap/IllusionTestMap_entity0_brush53.uasset" 119
"../../../../../Flo/Suli/BME/Szakdolgozat/Illusion/Content/Levels/IllusionTestMap/IllusionTestMap_entity66_brush2.uasset" 120
"../../../../../Flo/Suli/BME/Szakdolgozat/Illusion/Content/Meshes/defaultMat.uasset" 121
"../../../../../Flo/Suli/BME/Szakdolgozat/Illusion/Content/Meshes/swimming_tube.uasset" 122
"../../../../../Flo/Suli/BME/Szakdolgozat/Illusion/Content/Meshes/UnrotatableObject.uasset" 123
"../../../../../Flo/Suli/BME/Szakdolgozat/Illusion/Content/Meshes/UnrotatableCube.uasset" 124
"../../../../../Flo/Suli/BME/Szakdolgozat/Illusion/Content/Meshes/VisibilityHandlerVolume.uasset" 125
"../../../../../Flo/Suli/BME/Szakdolgozat/Illusion/Content/Meshes/VisibilityTrigger.uasset" 126
"../../../../../Flo/Suli/BME/Szakdolgozat/Illusion/Content/Skybox/skybox_right1.uasset" 127
"../../../../../Flo/Suli/BME/Szakdolgozat/Illusion/Content/Skybox/Material__36.uasset" 128
"../../../../../Flo/Suli/BME/Szakdolgozat/Illusion/Content/Skybox/skybox_left2.uasset" 129
"../../../../../Flo/Suli/BME/Szakdolgozat/Illusion/Content/Skybox/Material__37.uasset" 130
"../../../../../Flo/Suli/BME/Szakdolgozat/Illusion/Content/Skybox/skybox_top3.uasset" 131
"../../../../../Flo/Suli/BME/Szakdolgozat/Illusion/Content/Skybox/Material__38.uasset" 132
"../../../../../Flo/Suli/BME/Szakdolgozat/Illusion/Content/Skybox/skybox_bottom4.uasset" 133
"../../../../../Flo/Suli/BME/Szakdolgozat/Illusion/Content/Skybox/Material__39.uasset" 134
"../../../../../Flo/Suli/BME/Szakdolgozat/Illusion/Content/Skybox/skybox_front5.uasset" 135
"../../../../../Flo/Suli/BME/Szakdolgozat/Illusion/Content/Skybox/Material__40.uasset" 136
"../../../../../Flo/Suli/BME/Szakdolgozat/Illusion/Content/Skybox/skybox_back6.uasset" 137
"../../../../../Flo/Suli/BME/Szakdolgozat/Illusion/Content/Skybox/Material__41.uasset" 138
"../../../../../Flo/Suli/BME/Szakdolgozat/Illusion/Content/Skybox/SkySphere.uasset" 139
"../../../../../Flo/Suli/BME/Szakdolgozat/Illusion/Content/Textures/BillboardTest/UE_logo.uasset" 140
"../../../../../Flo/Suli/BME/Szakdolgozat/Illusion/Content/Textures/BillboardTest/BillboardMaterial.uasset" 141
"../../../Engine/Content/Functions/Engine_MaterialFunctions02/Utility/CameraDirectionVector.uasset" 142
"../../../Engine/Content/Functions/Engine_MaterialFunctions02/Utility/VectorToRadialValue.uasset" 143
"../../../../../Flo/Suli/BME/Szakdolgozat/Illusion/Content/Textures/BillboardTest/MagicMaterial.uasset" 144
"../../../../../Flo/Suli/BME/Szakdolgozat/Illusion/Content/FirstPerson/Animations/FirstPersonFire_Montage.uasset" 145
"../../../../../Flo/Suli/BME/Szakdolgozat/Illusion/Content/FirstPerson/Audio/FirstPersonTemplateWeaponFire02.uasset" 146
"../../../../../Flo/Suli/BME/Szakdolgozat/Illusion/Content/FirstPerson/Character/Mesh/SK_Mannequin_Arms.uasset" 147
"../../../../../Flo/Suli/BME/Szakdolgozat/Illusion/Content/FirstPerson/FPWeapon/Mesh/SK_FPGun.uasset" 148
"../../../../../Flo/Suli/BME/Szakdolgozat/Illusion/Content/FirstPersonBP/FirstPersonBP/Blueprints/FirstPersonCharacter.uasset" 149
"../../../../../Flo/Suli/BME/Szakdolgozat/Illusion/Content/VirtualReality/Mannequin/Character/Mesh/MannequinHand_Right_Skeleton.uasset" 150
"../../../../../Flo/Suli/BME/Szakdolgozat/Illusion/Content/VirtualReality/Mannequin/Animations/MannequinHand_Right_CanGrab.uasset" 151
"../../../../../Flo/Suli/BME/Szakdolgozat/Illusion/Content/VirtualReality/Mannequin/Animations/MannequinHand_Right_Grab.uasset" 152
"../../../../../Flo/Suli/BME/Szakdolgozat/Illusion/Content/VirtualReality/Mannequin/Animations/MannequinHand_Right_Open.uasset" 153
"../../../../../Flo/Suli/BME/Szakdolgozat/Illusion/Content/VirtualReality/Mannequin/Animations/RightGrip_BS.uasset" 154
"../../../../../Flo/Suli/BME/Szakdolgozat/Illusion/Content/VirtualRealityBP/Blueprints/GripEnum.uasset" 155
"../../../../../Flo/Suli/BME/Szakdolgozat/Illusion/Content/VirtualReality/Mannequin/Animations/RightHand_AnimBP.uasset" 156
"../../../../../Flo/Suli/BME/Szakdolgozat/Illusion/Content/VirtualRealityBP/Blueprints/PickupActorInterface.uasset" 157
"../../../../../Flo/Suli/BME/Szakdolgozat/Illusion/Content/VirtualRealityBP/Blueprints/MotionControllerHaptics.uasset" 158
"../../../Engine/Content/Functions/Engine_MaterialFunctions02/Utility/BreakOutFloat2Components.uasset" 159
"../../../Engine/Content/Functions/Engine_MaterialFunctions01/Texturing/ScaleUVsByCenter.uasset" 160
"../../../Engine/Content/Functions/Engine_MaterialFunctions02/ScreenResolution.uasset" 161
"../../../Engine/Content/Functions/Engine_MaterialFunctions02/Texturing/ScreenAlignedUVs.uasset" 162
"../../../Engine/Content/Functions/Engine_MaterialFunctions02/Utility/DepthFromWorldPosition.uasset" 163
"../../../../../Flo/Suli/BME/Szakdolgozat/Illusion/Content/VirtualReality/Materials/MF_OccludedPixels.uasset" 164
"../../../../../Flo/Suli/BME/Szakdolgozat/Illusion/Content/VirtualReality/Materials/TeleportMCP.uasset" 165
"../../../Engine/Content/EngineMaterials/Good64x64TilingNoiseHighFreq.uasset" 166
"../../../../../Flo/Suli/BME/Szakdolgozat/Illusion/Content/VirtualReality/Materials/M_ArcEndpoint.uasset" 167
"../../../../../Flo/Suli/BME/Szakdolgozat/Illusion/Content/VirtualReality/Materials/M_SplineArcMat.uasset" 168
"../../../../../Flo/Suli/BME/Szakdolgozat/Illusion/Content/VirtualReality/Materials/M_TeleportPreviews.uasset" 169
"../../../../../Flo/Suli/BME/Szakdolgozat/Illusion/Content/VirtualReality/Materials/MI_ChaperoneOutline.uasset" 170
"../../../../../Flo/Suli/BME/Szakdolgozat/Illusion/Content/VirtualReality/Materials/MI_TeleportCylinderPreview.uasset" 171
"../../../Engine/Content/Functions/Engine_MaterialFunctions01/Opacity/CameraDepthFade.uasset" 172
"../../../Engine/Content/EngineMaterials/T_Default_Material_Grid_M.uasset" 173
"../../../Engine/Content/EngineMaterials/T_Default_Material_Grid_N.uasset" 174
"../../../Engine/Content/EngineMaterials/DefaultMaterial.uasset" 175
"../../../Engine/Content/BasicShapes/Cylinder.uasset" 176
"../../../Engine/Content/BasicShapes/Sphere.uasset" 177
"../../../../../Flo/Suli/BME/Szakdolgozat/Illusion/Content/VirtualReality/Mannequin/Character/Textures/UE4_Mannequin__normals.uasset" 178
"../../../../../Flo/Suli/BME/Szakdolgozat/Illusion/Content/VirtualReality/Mannequin/Character/Textures/UE4_Mannequin_MAT_MASKA.uasset" 179
"../../../../../Flo/Suli/BME/Szakdolgozat/Illusion/Content/VirtualReality/Mannequin/Character/Materials/M_HandMat.uasset" 180
"../../../../../Flo/Suli/BME/Szakdolgozat/Illusion/Content/VirtualReality/Mannequin/Character/Mesh/MannequinHand_Right_PhysicsAsset.uasset" 181
"../../../../../Flo/Suli/BME/Szakdolgozat/Illusion/Content/VirtualReality/Mannequin/Character/Mesh/MannequinHand_Right.uasset" 182
"../../../Engine/Content/EngineMaterials/WorldGridMaterial.uasset" 183
"../../../../../Flo/Suli/BME/Szakdolgozat/Illusion/Content/VirtualReality/Meshes/1x1_cube.uasset" 184
"../../../../../Flo/Suli/BME/Szakdolgozat/Illusion/Content/VirtualReality/Meshes/BeaconDirection.uasset" 185
"../../../../../Flo/Suli/BME/Szakdolgozat/Illusion/Content/VirtualReality/Meshes/BeamMesh.uasset" 186
"../../../../../Flo/Suli/BME/Szakdolgozat/Illusion/Content/VirtualReality/Meshes/SM_FatCylinder.uasset" 187
"../../../../../Flo/Suli/BME/Szakdolgozat/Illusion/Content/VirtualRealityBP/Blueprints/BP_MotionController.uasset" 188
"../../../Engine/Content/EngineResources/WhiteSquareTexture.uasset" 189
"../../../../../Flo/Suli/BME/Szakdolgozat/Illusion/Content/Levels/VRWidgetMaterial.uasset" 190
"../../../../../Flo/Suli/BME/Szakdolgozat/Illusion/Content/PauseWidgetVR.uasset" 191
"../../../../../Flo/Suli/BME/Szakdolgozat/Illusion/Content/VirtualRealityBP/Blueprints/MotionControllerPawn.uasset" 192
"../../../Engine/Content/BasicShapes/BasicShapeMaterial.uasset" 193
"../../../Engine/Content/BasicShapes/Cube.uasset" 194
"../../../../../Flo/Suli/BME/Szakdolgozat/Illusion/Content/Textures/BillboardTest/ProjectionCamera.uasset" 195
"../../../Engine/Content/Functions/Engine_MaterialFunctions02/Math/InverseTransformMatrix.uasset" 196
"../../../Engine/Content/Functions/Engine_MaterialFunctions02/SplitComponents.uasset" 197
"../../../Engine/Content/EngineResources/DefaultTexture.uasset" 198
"../../../../../Flo/Suli/BME/Szakdolgozat/Illusion/Content/Textures/BillboardTest/projection/decal2.uasset" 199
"../../../../../Flo/Suli/BME/Szakdolgozat/Illusion/Content/Textures/BillboardTest/projection/projected_decal2.uasset" 200
"../../../../../Flo/Suli/BME/Szakdolgozat/Illusion/Content/Textures/BillboardTest/projection/video.uasset" 201
"../../../../../Flo/Suli/BME/Szakdolgozat/Illusion/Content/Textures/TextureProjection/NewMediaPlayer.uasset" 202
"../../../../../Flo/Suli/BME/Szakdolgozat/Illusion/Content/Textures/TextureProjection/NewMediaPlayer_Video.uasset" 203
"../../../../../Flo/Suli/BME/Szakdolgozat/Illusion/Content/Textures/TextureProjection/no_input_texture.uasset" 204
"../../../../../Flo/Suli/BME/Szakdolgozat/Illusion/Content/Textures/TextureProjection/Projection_with_shadows_BuiltData.uasset" 205
"../../../../../Flo/Suli/BME/Szakdolgozat/Illusion/Content/Textures/TextureProjection/EdgeMask.uasset" 206
"../../../../../Flo/Suli/BME/Szakdolgozat/Illusion/Content/Textures/TextureProjection/RenderTargets/Depth_Target.uasset" 207
"../../../../../Flo/Suli/BME/Szakdolgozat/Illusion/Content/Textures/TextureProjection/Projection_MAT.uasset" 208
"../../../../../Flo/Suli/BME/Szakdolgozat/Illusion/Content/Textures/TextureProjection/Projector_Final.uasset" 209
"../../../../../Flo/Suli/BME/Szakdolgozat/Illusion/Content/Textures/TextureProjection/Movies/Mapping_Test.uasset" 210
"../../../../../Flo/Suli/BME/Szakdolgozat/Illusion/Content/VirtualReality/Materials/MI_SmallCubes.uasset" 211
"../../../../../Flo/Suli/BME/Szakdolgozat/Illusion/Content/VirtualRealityBP/Blueprints/BP_PickupCube.uasset" 212
"../../../Engine/Content/Animation/DefaultAnimBoneCompressionSettings.uasset" 213
"../../../Engine/Content/Animation/DefaultAnimCurveCompressionSettings.uasset" 214
"../../../Engine/Content/ArtTools/RenderToTexture/Meshes/S_1_Unit_Plane.uasset" 215
"../../../Engine/Content/BasicShapes/Cone.uasset" 216
"../../../Engine/Content/EditorLandscapeResources/DataLayer.uasset" 217
"../../../Engine/Content/EditorMaterials/MAT_Groups_Toggle.uasset" 218
"../../../Engine/Content/EditorMaterials/MAT_Groups_Visibility.uasset" 219
"../../../Engine/Content/EditorMaterials/PreviewShadowIndicator.uasset" 220
"../../../Engine/Content/EditorMaterials/PreviewShadowIndicatorMaterial.uasset" 221
"../../../Engine/Content/EditorMaterials/MatineeGroups/MAT_ColorTrack.uasset" 222
"../../../Engine/Content/EditorMaterials/MatineeGroups/MAT_Groups_Anim.uasset" 223
"../../../Engine/Content/EditorMaterials/MatineeGroups/MAT_Groups_AudioMaster.uasset" 224
"../../../Engine/Content/EditorMaterials/MatineeGroups/MAT_Groups_Director.uasset" 225
"../../../Engine/Content/EditorMaterials/MatineeGroups/MAT_Groups_Event.uasset" 226
"../../../Engine/Content/EditorMaterials/MatineeGroups/MAT_Groups_Fade.uasset" 227
"../../../Engine/Content/EditorMaterials/MatineeGroups/MAT_Groups_Float.uasset" 228
"../../../Engine/Content/EditorMaterials/MatineeGroups/MAT_Groups_Move.uasset" 229
"../../../Engine/Content/EditorMaterials/MatineeGroups/MAT_Groups_Slomo.uasset" 230
"../../../Engine/Content/EditorMaterials/MatineeGroups/MAT_Groups_Sound.uasset" 231
"../../../Engine/Content/EditorMaterials/MatineeGroups/MAT_Groups_Vector.uasset" 232
"../../../Engine/Content/EditorMaterials/ParticleSystems/PSysThumbnail_NoImage.uasset" 233
"../../../Engine/Content/EditorMaterials/ParticleSystems/PSysThumbnail_OOD.uasset" 234
"../../../Engine/Content/EditorMaterials/Camera/CineMat.uasset" 235
"../../../Engine/Content/EditorMaterials/Camera/MI_CineMat_Rig.uasset" 236
"../../../Engine/Content/EditorMeshes/Camera/SM_CraneRig_Arm.uasset" 237
"../../../Engine/Content/EditorMeshes/Camera/SM_CraneRig_Base.uasset" 238
"../../../Engine/Content/EditorMeshes/Camera/SM_CraneRig_Body.uasset" 239
"../../../Engine/Content/EditorMeshes/Camera/SM_CraneRig_Mount.uasset" 240
"../../../Engine/Content/EditorMeshes/Camera/SM_RailRig_Mount.uasset" 241
"../../../Engine/Content/EditorMeshes/Camera/SM_RailRig_Track.uasset" 242
"../../../Engine/Content/EditorResources/BSPVertex.uasset" 243
"../../../Engine/Content/EditorResources/EmptyActor.uasset" 244
"../../../Engine/Content/EditorResources/S_Actor.uasset" 245
"../../../Engine/Content/EditorResources/S_Note.uasset" 246
"../../../Engine/Content/EditorResources/S_Solver.uasset" 247
"../../../Engine/Content/EditorResources/S_Trigger.uasset" 248
"../../../Engine/Content/EditorResources/LightIcons/S_LightError.uasset" 249
"../../../Engine/Content/EditorResources/SequenceRecorder/Countdown.uasset" 250
"../../../Engine/Content/EditorResources/SequenceRecorder/RecordingIndicator.uasset" 251
"../../../Engine/Content/EditorSounds/Notifications/CompileFailed.uasset" 252
"../../../Engine/Content/EditorSounds/Notifications/CompileFailed_Cue.uasset" 253
"../../../Engine/Content/EditorSounds/Notifications/CompileSuccess.uasset" 254
"../../../Engine/Content/EditorSounds/Notifications/CompileStart_Cue.uasset" 255
"../../../Engine/Content/EditorSounds/Notifications/CompileSuccess_Cue.uasset" 256
"../../../Engine/Content/EngineDamageTypes/DmgTypeBP_Environmental.uasset" 257
"../../../Engine/Content/EngineDebugMaterials/DebugEditorMaterial.uasset" 258
"../../../Engine/Content/EngineDebugMaterials/DebugMeshMaterial.uasset" 259
"../../../Engine/Content/EngineDebugMaterials/M_SimpleUnlitTranslucent.uasset" 260
"../../../Engine/Content/EngineDebugMaterials/VolumeToRender.uasset" 261
"../../../Engine/Content/EngineDebugMaterials/M_VolumeRenderSphereTracePP.uasset" 262
"../../../Engine/Content/EngineDebugMaterials/WireframeMaterial.uasset" 263
"../../../Engine/Content/EngineFonts/Faces/DroidSansFallback.uasset" 264
"../../../Engine/Content/EngineFonts/Faces/RobotoBold.uasset" 265
"../../../Engine/Content/EngineFonts/Faces/RobotoBoldItalic.uasset" 266
"../../../Engine/Content/EngineFonts/Faces/RobotoItalic.uasset" 267
"../../../Engine/Content/EngineFonts/Faces/RobotoLight.uasset" 268
"../../../Engine/Content/EngineFonts/Faces/RobotoRegular.uasset" 269
"../../../Engine/Content/EngineFonts/Roboto.uasset" 270
"../../../Engine/Content/EngineMaterials/BaseFlattenDiffuseMap.uasset" 271
"../../../Engine/Content/EngineMaterials/BaseFlattenEmissiveMap.uasset" 272
"../../../Engine/Content/EngineMaterials/BaseFlattenGrayscaleMap.uasset" 273
"../../../Engine/Content/EngineMaterials/BaseFlattenNormalMap.uasset" 274
"../../../Engine/Content/EngineMaterials/BaseFlattenMaterial.uasset" 275
"../../../Engine/Content/EngineMaterials/BlueNoise.uasset" 276
"../../../Engine/Content/EngineMaterials/DefaultBloomKernel.uasset" 277
"../../../Engine/Content/EngineMaterials/DefaultBokeh.uasset" 278
"../../../Engine/Content/EngineMaterials/DefaultDiffuse.uasset" 279
"../../../Engine/Content/EngineMaterials/DefaultDeferredDecalMaterial.uasset" 280
"../../../Engine/Content/EngineMaterials/DefaultLightFunctionMaterial.uasset" 281
"../../../Engine/Content/EngineMaterials/DefaultPhysicalMaterial.uasset" 282
"../../../Engine/Content/EngineMaterials/DefaultPostProcessMaterial.uasset" 283
"../../../Engine/Content/EngineFonts/RobotoDistanceField.uasset" 284
"../../../Engine/Content/EngineMaterials/DefaultTextMaterialOpaque.uasset" 285
"../../../Engine/Content/EngineMaterials/DefaultWhiteGrid.uasset" 286
"../../../Engine/Content/EngineMaterials/DefaultWhiteGrid_Low.uasset" 287
"../../../Engine/Content/EngineMaterials/EmissiveMeshMaterial.uasset" 288
"../../../Engine/Content/EngineMaterials/GizmoMaterial.uasset" 289
"../../../Engine/Content/EngineMaterials/MiniFont.uasset" 290
"../../../Engine/Content/EngineMaterials/InvalidLightmapSettings.uasset" 291
"../../../Engine/Content/EngineMaterials/M_InvalidLightmapSettings.uasset" 292
"../../../Engine/Content/Functions/Engine_MaterialFunctions02/WorldPositionOffset/CameraOffset.uasset" 293
"../../../Engine/Content/EngineMaterials/PhAT_JointLimitMaterial.uasset" 294
"../../../Engine/Content/EngineMaterials/PreintegratedSkinBRDF.uasset" 295
"../../../Engine/Content/EngineMaterials/RemoveSurfaceMaterial.uasset" 296
"../../../Engine/Content/EngineMaterials/WeightMapPlaceholderTexture.uasset" 297
"../../../Engine/Content/EngineMaterials/Widget3DPassThrough.uasset" 298
"../../../Engine/Content/EngineMaterials/Widget3DPassThrough_Masked.uasset" 299
"../../../Engine/Content/EngineMaterials/Widget3DPassThrough_Opaque.uasset" 300
"../../../Engine/Content/EngineMaterials/Widget3DPassThrough_Masked_OneSided.uasset" 301
"../../../Engine/Content/EngineMaterials/Widget3DPassThrough_Opaque_OneSided.uasset" 302
"../../../Engine/Content/EngineMaterials/Widget3DPassThrough_Translucent.uasset" 303
"../../../Engine/Content/EngineMaterials/Widget3DPassThrough_Translucent_OneSided.uasset" 304
"../../../Engine/Content/EngineMeshes/Cylinder.uasset" 305
"../../../Engine/Content/EngineMeshes/Sphere.uasset" 306
"../../../Engine/Content/EngineResources/Black.uasset" 307
"../../../Engine/Content/EngineResources/DefaultTextureCube.uasset" 308
"../../../Engine/Content/EngineResources/DefaultVolumeTexture2D.uasset" 309
"../../../Engine/Content/EngineResources/DefaultVolumeTexture.uasset" 310
"../../../Engine/Content/EngineResources/GradientTexture0.uasset" 311
"../../../Engine/Content/EngineSounds/Master.uasset" 312
"../../../Engine/Content/Functions/Engine_MaterialFunctions01/Shading/ConvertFromDiffSpec.uasset" 313
"../../../Engine/Content/Functions/Engine_MaterialFunctions01/Shading/PowerToRoughness.uasset" 314
"../../../Engine/Content/Maps/Templates/Thumbnails/Default.uasset" 315
"../../../Engine/Content/Maps/Templates/Thumbnails/TimeOfDay.uasset" 316
"../../../Engine/Content/Maps/Templates/Thumbnails/VR-Basic.uasset" 317
"../../../Engine/Content/MobileResources/T_MobileControls_texture.uasset" 318
"../../../Engine/Content/MobileResources/T_MobileMenu2.uasset" 319
"../../../Engine/Content/MobileResources/HUD/AnalogHat.uasset" 320
"../../../Engine/Content/MobileResources/HUD/VirtualJoystick_Background.uasset" 321
"../../../Engine/Content/MobileResources/HUD/VirtualJoystick_Thumb.uasset" 322
"../../../Engine/Content/MobileResources/HUD/DefaultVirtualJoysticks.uasset" 323
"../../../Engine/Content/MobileResources/HUD/LeftVirtualJoystickOnly.uasset" 324
"../../../Engine/Content/MobileResources/HUD/MobileHUDButton1_off.uasset" 325
"../../../Engine/Content/MobileResources/HUD/MobileHUDButton1_on.uasset" 326
"../../../Engine/Content/MobileResources/HUD/MobileHUDButton2_off.uasset" 327
"../../../Engine/Content/MobileResources/HUD/MobileHUDButton2_on.uasset" 328
"../../../Engine/Content/MobileResources/HUD/MobileHUDButton3.uasset" 329
"../../../Engine/Content/MobileResources/HUD/MobileHUDButtonFire.uasset" 330
"../../../Engine/Content/MobileResources/HUD/MobileHUDDirectionPad.uasset" 331
"../../../Engine/Content/MobileResources/HUD/MobileHUDDirectionPad2.uasset" 332
"../../../Engine/Content/MobileResources/HUD/MobileHUDDirectionPad3.uasset" 333
"../../../Engine/Content/MobileResources/HUD/MobileHUDDirectionStick.uasset" 334
"../../../Engine/Content/MobileResources/HUD/T_Castle_ThumbstickInner.uasset" 335
"../../../Engine/Content/MobileResources/HUD/T_Castle_ThumbstickOutter.uasset" 336
"../../../Engine/Content/Tutorial/ContentIntroCurve.uasset" 337
"../../../Engine/Content/Tutorial/Basics/LevelEditorAttract.uasset" 338
"../../../Engine/Content/Tutorial/Basics/TutorialAssets/icon_tab_Levels_40x.uasset" 339
"../../../Engine/Content/Tutorial/Basics/LevelEditorOverview.uasset" 340
"../../../Engine/Content/Tutorial/BlueprintTutorials/TutorialAssets/Blueprint_64x.uasset" 341
"../../../Engine/Content/Tutorial/BlueprintTutorials/BlueprintEditorTutorial.uasset" 342
"../../../Engine/Content/Tutorial/BlueprintTutorials/LevelBlueprintEditorOverview.uasset" 343
"../../../Engine/Content/Tutorial/SubEditors/MaterialEditorTutorial.uasset" 344
"../../../Engine/Content/Tutorial/SubEditors/TutorialAssets/TutorialMaterial.uasset" 345
"../../../Engine/Content/VREditor/LaserPointer/VR_LaserPower_01.uasset" 346
"../../../Engine/Content/VREditor/TransformGizmo/TransformGizmoMaterial.uasset" 347
"../../../Engine/Content/VREditor/TransformGizmo/TranslucentTransformGizmoMaterial.uasset" 348
"../../../Engine/Content/VREditor/TransformGizmo/BoundingBoxCorner.uasset" 349
"../../../Engine/Content/VREditor/TransformGizmo/BoundingBoxEdge.uasset" 350
"../../../Engine/Content/VREditor/TransformGizmo/PlaneTranslationHandle.uasset" 351
"../../../Engine/Content/VREditor/TransformGizmo/Main.uasset" 352
"../../../Engine/Content/VREditor/TransformGizmo/Xray.uasset" 353
"../../../Engine/Content/VREditor/TransformGizmo/SM_Sequencer_Key.uasset" 354
"../../../Engine/Content/VREditor/TransformGizmo/SM_Sequencer_Node.uasset" 355
"../../Plugins/2D/Paper2D/Content/PlaceholderTextures/DummySpriteTexture.uasset" 356
"../../Plugins/2D/Paper2D/Content/DummySprite.uasset" 357
"../../Plugins/2D/Paper2D/Content/DefaultPaperTerrainMaterial.uasset" 358
"../../Plugins/2D/Paper2D/Content/DefaultSpriteMaterial.uasset" 359
"../../Plugins/2D/Paper2D/Content/MaskedUnlitSpriteMaterial.uasset" 360
"../../Plugins/2D/Paper2D/Content/OpaqueUnlitSpriteMaterial.uasset" 361
"../../Plugins/FX/Niagara/Content/Enums/ENiagaraBooleanLogicOps.uasset" 362
"../../Plugins/FX/Niagara/Content/Enums/ENiagaraCoordinateSpace.uasset" 363
"../../Plugins/FX/Niagara/Content/Enums/ENiagaraExpansionMode.uasset" 364
"../../Plugins/FX/Niagara/Content/Enums/ENiagaraOrientationAxis.uasset" 365
"../../Plugins/FX/Niagara/Content/Enums/ENiagaraRandomnessMode.uasset" 366
"../../../Engine/Content/Functions/Engine_MaterialFunctions02/Utility/BreakOutFloat4Components.uasset" 367
"../../../Engine/Content/Functions/Engine_MaterialFunctions02/Utility/MakeFloat2.uasset" 368
"../../../Engine/Content/Functions/Engine_MaterialFunctions02/Utility/MakeFloat3.uasset" 369
"../../Plugins/Runtime/Oculus/OculusVR/Content/Materials/OculusMR_ChromaKey.uasset" 370
"../../Plugins/Runtime/Oculus/OculusVR/Content/Materials/OculusMR_ChromaKey_Lit.uasset" 371
"../../Plugins/Runtime/Oculus/OculusVR/Content/Materials/OculusMR_OpaqueColoredMaterial.uasset" 372
"../../Plugins/Runtime/Oculus/OculusVR/Content/Materials/OculusMR_WhiteMaterial.uasset" 373
"../../../Engine/Content/EngineSky/C_Sky_Cloud_Color.uasset" 374
"../../../Engine/Content/EngineSky/C_Sky_Horizon_Color.uasset" 375
"../../../Engine/Content/EngineSky/C_Sky_Zenith_Color.uasset" 376
"../../../Engine/Content/EngineSky/T_Sky_Blue.uasset" 377
"../../../Engine/Content/EngineSky/T_Sky_Clouds_M.uasset" 378
"../../../Engine/Content/EngineSky/M_Sky_Panning_Clouds2.uasset" 379
"../../../../../Flo/Suli/BME/Szakdolgozat/Illusion/Content/Skybox/Skybox/SkyboxMat.uasset" 380
"../../../Engine/Content/EngineSky/SM_SkySphere.uasset" 381
"../../../Engine/Content/EngineSky/BP_Sky_Sphere.uasset" 382
"../../../Engine/Content/Functions/Engine_MaterialFunctions03/Procedurals/ComputeFilterWidth.uasset" 383
"../../../Engine/Content/EngineMaterials/AntiAliasedTextMaterialTranslucent.uasset" 384
"../../../../../Flo/Suli/BME/Szakdolgozat/Illusion/Content/FirstPerson/Meshes/CubeMaterialOverride.uasset" 385
"../../../../../Flo/Suli/BME/Szakdolgozat/Illusion/Content/FirstPersonBP/FirstPersonBP/Maps/FirstPersonExampleMap.umap" 386
"../../../Engine/Content/BasicShapes/Plane.uasset" 387
"../../../../../Flo/Suli/BME/Szakdolgozat/Illusion/Content/Textures/TextureProjection/Projection_with_shadows.umap" 388
"../../../../../Flo/Suli/BME/Szakdolgozat/Illusion/Content/VirtualRealityBP/Blueprints/HMDLocomotionPawn.uasset" 389
"../../../../../Flo/Suli/BME/Szakdolgozat/Illusion/Content/VirtualRealityBP/Maps/HMDLocomotionMap_BuiltData.uasset" 390
"../../../../../Flo/Suli/BME/Szakdolgozat/Illusion/Content/VirtualReality/Materials/MI_BaseMaterial2.uasset" 391
"../../../../../Flo/Suli/BME/Szakdolgozat/Illusion/Content/VirtualReality/Materials/MI_BaseMaterial3.uasset" 392
"../../../../../Flo/Suli/BME/Szakdolgozat/Illusion/Content/VirtualRealityBP/Maps/HMDLocomotionMap.umap" 393
"../../../../../Flo/Suli/BME/Szakdolgozat/Illusion/Content/IllusionGameMode.uasset" 394
"../../../../../Flo/Suli/BME/Szakdolgozat/Illusion/Content/VirtualRealityBP/Maps/MotionControllerMap_BuiltData.uasset" 395
"../../../Engine/Content/EngineDebugMaterials/BlackUnlitMaterial.uasset" 396
"../../../../../Flo/Suli/BME/Szakdolgozat/Illusion/Content/Levels/InvisibleMat.uasset" 397
"../../../../../Flo/Suli/BME/Szakdolgozat/Illusion/Content/Levels/WhiteMatt.uasset" 398
"../../../../../Flo/Suli/BME/Szakdolgozat/Illusion/Content/Audio/BackgroundMusic.uasset" 399
"../../../../../Flo/Suli/BME/Szakdolgozat/Illusion/Content/Levels/IllusionTestMap/sky-stars4.uasset" 400
"../../../../../Flo/Suli/BME/Szakdolgozat/Illusion/Content/Levels/IllusionTestMap/IllusionTestMap_entity0_brush0.uasset" 401
"../../../../../Flo/Suli/BME/Szakdolgozat/Illusion/Content/Levels/IllusionTestMap/IllusionTestMap_entity0_brush1.uasset" 402
"../../../../../Flo/Suli/BME/Szakdolgozat/Illusion/Content/Levels/IllusionTestMap/IllusionTestMap_entity0_brush10.uasset" 403
"../../../../../Flo/Suli/BME/Szakdolgozat/Illusion/Content/Levels/IllusionTestMap/IllusionTestMap_entity0_brush100.uasset" 404
"../../../../../Flo/Suli/BME/Szakdolgozat/Illusion/Content/Levels/IllusionTestMap/IllusionTestMap_entity0_brush101.uasset" 405
"../../../../../Flo/Suli/BME/Szakdolgozat/Illusion/Content/Levels/IllusionTestMap/IllusionTestMap_entity0_brush102.uasset" 406
"../../../../../Flo/Suli/BME/Szakdolgozat/Illusion/Content/Levels/IllusionTestMap/IllusionTestMap_entity0_brush103.uasset" 407
"../../../../../Flo/Suli/BME/Szakdolgozat/Illusion/Content/Levels/IllusionTestMap/IllusionTestMap_entity0_brush104.uasset" 408
"../../../../../Flo/Suli/BME/Szakdolgozat/Illusion/Content/Levels/IllusionTestMap/IllusionTestMap_entity0_brush105.uasset" 409
"../../../../../Flo/Suli/BME/Szakdolgozat/Illusion/Content/Levels/IllusionTestMap/IllusionTestMap_entity0_brush106.uasset" 410
"../../../../../Flo/Suli/BME/Szakdolgozat/Illusion/Content/Levels/IllusionTestMap/IllusionTestMap_entity0_brush107.uasset" 411
"../../../../../Flo/Suli/BME/Szakdolgozat/Illusion/Content/Levels/IllusionTestMap/IllusionTestMap_entity0_brush108.uasset" 412
"../../../../../Flo/Suli/BME/Szakdolgozat/Illusion/Content/Levels/IllusionTestMap/IllusionTestMap_entity0_brush109.uasset" 413
"../../../../../Flo/Suli/BME/Szakdolgozat/Illusion/Content/Levels/IllusionTestMap/IllusionTestMap_entity0_brush11.uasset" 414
"../../../../../Flo/Suli/BME/Szakdolgozat/Illusion/Content/Levels/IllusionTestMap/IllusionTestMap_entity0_brush110.uasset" 415
"../../../../../Flo/Suli/BME/Szakdolgozat/Illusion/Content/Levels/IllusionTestMap/IllusionTestMap_entity0_brush12.uasset" 416
"../../../../../Flo/Suli/BME/Szakdolgozat/Illusion/Content/Levels/IllusionTestMap/IllusionTestMap_entity0_brush13.uasset" 417
"../../../../../Flo/Suli/BME/Szakdolgozat/Illusion/Content/Levels/IllusionTestMap/IllusionTestMap_entity0_brush14.uasset" 418
"../../../../../Flo/Suli/BME/Szakdolgozat/Illusion/Content/Levels/IllusionTestMap/IllusionTestMap_entity0_brush15.uasset" 419
"../../../../../Flo/Suli/BME/Szakdolgozat/Illusion/Content/Levels/IllusionTestMap/IllusionTestMap_entity0_brush16.uasset" 420
"../../../../../Flo/Suli/BME/Szakdolgozat/Illusion/Content/Levels/IllusionTestMap/IllusionTestMap_entity0_brush17.uasset" 421
"../../../../../Flo/Suli/BME/Szakdolgozat/Illusion/Content/Levels/IllusionTestMap/IllusionTestMap_entity0_brush18.uasset" 422
"../../../../../Flo/Suli/BME/Szakdolgozat/Illusion/Content/Levels/IllusionTestMap/IllusionTestMap_entity0_brush19.uasset" 423
"../../../../../Flo/Suli/BME/Szakdolgozat/Illusion/Content/Levels/IllusionTestMap/IllusionTestMap_entity0_brush2.uasset" 424
"../../../../../Flo/Suli/BME/Szakdolgozat/Illusion/Content/Levels/IllusionTestMap/IllusionTestMap_entity0_brush20.uasset" 425
"../../../../../Flo/Suli/BME/Szakdolgozat/Illusion/Content/Levels/IllusionTestMap/IllusionTestMap_entity0_brush21.uasset" 426
"../../../../../Flo/Suli/BME/Szakdolgozat/Illusion/Content/Levels/IllusionTestMap/IllusionTestMap_entity0_brush22.uasset" 427
"../../../../../Flo/Suli/BME/Szakdolgozat/Illusion/Content/Levels/IllusionTestMap/IllusionTestMap_entity0_brush23.uasset" 428
"../../../../../Flo/Suli/BME/Szakdolgozat/Illusion/Content/Levels/IllusionTestMap/IllusionTestMap_entity0_brush25.uasset" 429
"../../../../../Flo/Suli/BME/Szakdolgozat/Illusion/Content/Levels/IllusionTestMap/IllusionTestMap_entity0_brush26.uasset" 430
"../../../../../Flo/Suli/BME/Szakdolgozat/Illusion/Content/Levels/IllusionTestMap/IllusionTestMap_entity0_brush27.uasset" 431
"../../../../../Flo/Suli/BME/Szakdolgozat/Illusion/Content/Levels/IllusionTestMap/IllusionTestMap_entity0_brush28.uasset" 432
"../../../../../Flo/Suli/BME/Szakdolgozat/Illusion/Content/Levels/IllusionTestMap/IllusionTestMap_entity0_brush29.uasset" 433
"../../../../../Flo/Suli/BME/Szakdolgozat/Illusion/Content/Levels/IllusionTestMap/IllusionTestMap_entity0_brush3.uasset" 434
"../../../../../Flo/Suli/BME/Szakdolgozat/Illusion/Content/Levels/IllusionTestMap/IllusionTestMap_entity0_brush30.uasset" 435
"../../../../../Flo/Suli/BME/Szakdolgozat/Illusion/Content/Levels/IllusionTestMap/IllusionTestMap_entity0_brush31.uasset" 436
"../../../../../Flo/Suli/BME/Szakdolgozat/Illusion/Content/Levels/IllusionTestMap/IllusionTestMap_entity0_brush32.uasset" 437
"../../../../../Flo/Suli/BME/Szakdolgozat/Illusion/Content/Levels/IllusionTestMap/IllusionTestMap_entity0_brush33.uasset" 438
"../../../../../Flo/Suli/BME/Szakdolgozat/Illusion/Content/Levels/IllusionTestMap/IllusionTestMap_entity0_brush34.uasset" 439
"../../../../../Flo/Suli/BME/Szakdolgozat/Illusion/Content/Levels/IllusionTestMap/IllusionTestMap_entity0_brush35.uasset" 440
"../../../../../Flo/Suli/BME/Szakdolgozat/Illusion/Content/Levels/IllusionTestMap/IllusionTestMap_entity0_brush36.uasset" 441
"../../../../../Flo/Suli/BME/Szakdolgozat/Illusion/Content/Levels/IllusionTestMap/IllusionTestMap_entity0_brush37.uasset" 442
"../../../../../Flo/Suli/BME/Szakdolgozat/Illusion/Content/Levels/IllusionTestMap/IllusionTestMap_entity0_brush38.uasset" 443
"../../../../../Flo/Suli/BME/Szakdolgozat/Illusion/Content/Levels/IllusionTestMap/IllusionTestMap_entity0_brush39.uasset" 444
"../../../../../Flo/Suli/BME/Szakdolgozat/Illusion/Content/Levels/IllusionTestMap/IllusionTestMap_entity0_brush4.uasset" 445
"../../../../../Flo/Suli/BME/Szakdolgozat/Illusion/Content/Levels/IllusionTestMap/IllusionTestMap_entity0_brush40.uasset" 446
"../../../../../Flo/Suli/BME/Szakdolgozat/Illusion/Content/Levels/IllusionTestMap/IllusionTestMap_entity0_brush41.uasset" 447
"../../../../../Flo/Suli/BME/Szakdolgozat/Illusion/Content/Levels/IllusionTestMap/IllusionTestMap_entity0_brush42.uasset" 448
"../../../../../Flo/Suli/BME/Szakdolgozat/Illusion/Content/Levels/IllusionTestMap/IllusionTestMap_entity0_brush43.uasset" 449
"../../../../../Flo/Suli/BME/Szakdolgozat/Illusion/Content/Levels/IllusionTestMap/IllusionTestMap_entity0_brush44.uasset" 450
"../../../../../Flo/Suli/BME/Szakdolgozat/Illusion/Content/Levels/IllusionTestMap/IllusionTestMap_entity0_brush45.uasset" 451
"../../../../../Flo/Suli/BME/Szakdolgozat/Illusion/Content/Levels/IllusionTestMap/IllusionTestMap_entity0_brush46.uasset" 452
"../../../../../Flo/Suli/BME/Szakdolgozat/Illusion/Content/Levels/IllusionTestMap/IllusionTestMap_entity0_brush47.uasset" 453
"../../../../../Flo/Suli/BME/Szakdolgozat/Illusion/Content/Levels/IllusionTestMap/IllusionTestMap_entity0_brush48.uasset" 454
"../../../../../Flo/Suli/BME/Szakdolgozat/Illusion/Content/Levels/IllusionTestMap/IllusionTestMap_entity0_brush49.uasset" 455
"../../../../../Flo/Suli/BME/Szakdolgozat/Illusion/Content/Levels/IllusionTestMap/IllusionTestMap_entity0_brush5.uasset" 456
"../../../../../Flo/Suli/BME/Szakdolgozat/Illusion/Content/Levels/IllusionTestMap/IllusionTestMap_entity0_brush50.uasset" 457
"../../../../../Flo/Suli/BME/Szakdolgozat/Illusion/Content/Levels/IllusionTestMap/IllusionTestMap_entity0_brush51.uasset" 458
"../../../../../Flo/Suli/BME/Szakdolgozat/Illusion/Content/Levels/IllusionTestMap/IllusionTestMap_entity0_brush52.uasset" 459
"../../../../../Flo/Suli/BME/Szakdolgozat/Illusion/Content/Levels/IllusionTestMap/IllusionTestMap_entity0_brush54.uasset" 460
"../../../../../Flo/Suli/BME/Szakdolgozat/Illusion/Content/Levels/IllusionTestMap/IllusionTestMap_entity0_brush55.uasset" 461
"../../../../../Flo/Suli/BME/Szakdolgozat/Illusion/Content/Levels/IllusionTestMap/IllusionTestMap_entity0_brush56.uasset" 462
"../../../../../Flo/Suli/BME/Szakdolgozat/Illusion/Content/Levels/IllusionTestMap/IllusionTestMap_entity0_brush57.uasset" 463
"../../../../../Flo/Suli/BME/Szakdolgozat/Illusion/Content/Levels/IllusionTestMap/IllusionTestMap_entity0_brush58.uasset" 464
"../../../../../Flo/Suli/BME/Szakdolgozat/Illusion/Content/Levels/IllusionTestMap/IllusionTestMap_entity0_brush59.uasset" 465
"../../../../../Flo/Suli/BME/Szakdolgozat/Illusion/Content/Levels/IllusionTestMap/IllusionTestMap_entity0_brush6.uasset" 466
"../../../../../Flo/Suli/BME/Szakdolgozat/Illusion/Content/Levels/IllusionTestMap/IllusionTestMap_entity0_brush60.uasset" 467
"../../../../../Flo/Suli/BME/Szakdolgozat/Illusion/Content/Levels/IllusionTestMap/IllusionTestMap_entity0_brush61.uasset" 468
"../../../../../Flo/Suli/BME/Szakdolgozat/Illusion/Content/Levels/IllusionTestMap/IllusionTestMap_entity0_brush62.uasset" 469
"../../../../../Flo/Suli/BME/Szakdolgozat/Illusion/Content/Levels/IllusionTestMap/IllusionTestMap_entity0_brush63.uasset" 470
"../../../../../Flo/Suli/BME/Szakdolgozat/Illusion/Content/Levels/IllusionTestMap/IllusionTestMap_entity0_brush64.uasset" 471
"../../../../../Flo/Suli/BME/Szakdolgozat/Illusion/Content/Levels/IllusionTestMap/IllusionTestMap_entity0_brush65.uasset" 472
"../../../../../Flo/Suli/BME/Szakdolgozat/Illusion/Content/Levels/IllusionTestMap/IllusionTestMap_entity0_brush66.uasset" 473
"../../../../../Flo/Suli/BME/Szakdolgozat/Illusion/Content/Levels/IllusionTestMap/IllusionTestMap_entity0_brush67.uasset" 474
"../../../../../Flo/Suli/BME/Szakdolgozat/Illusion/Content/Levels/IllusionTestMap/IllusionTestMap_entity0_brush68.uasset" 475
"../../../../../Flo/Suli/BME/Szakdolgozat/Illusion/Content/Levels/IllusionTestMap/IllusionTestMap_entity0_brush69.uasset" 476
"../../../../../Flo/Suli/BME/Szakdolgozat/Illusion/Content/Levels/IllusionTestMap/IllusionTestMap_entity0_brush7.uasset" 477
"../../../../../Flo/Suli/BME/Szakdolgozat/Illusion/Content/Levels/IllusionTestMap/IllusionTestMap_entity0_brush70.uasset" 478
"../../../../../Flo/Suli/BME/Szakdolgozat/Illusion/Content/Levels/IllusionTestMap/IllusionTestMap_entity0_brush71.uasset" 479
"../../../../../Flo/Suli/BME/Szakdolgozat/Illusion/Content/Levels/IllusionTestMap/IllusionTestMap_entity0_brush72.uasset" 480
"../../../../../Flo/Suli/BME/Szakdolgozat/Illusion/Content/Levels/IllusionTestMap/IllusionTestMap_entity0_brush73.uasset" 481
"../../../../../Flo/Suli/BME/Szakdolgozat/Illusion/Content/Levels/IllusionTestMap/IllusionTestMap_entity0_brush74.uasset" 482
"../../../../../Flo/Suli/BME/Szakdolgozat/Illusion/Content/Levels/IllusionTestMap/IllusionTestMap_entity0_brush75.uasset" 483
"../../../../../Flo/Suli/BME/Szakdolgozat/Illusion/Content/Levels/IllusionTestMap/IllusionTestMap_entity0_brush76.uasset" 484
"../../../../../Flo/Suli/BME/Szakdolgozat/Illusion/Content/Levels/IllusionTestMap/IllusionTestMap_entity0_brush77.uasset" 485
"../../../../../Flo/Suli/BME/Szakdolgozat/Illusion/Content/Levels/IllusionTestMap/IllusionTestMap_entity0_brush78.uasset" 486
"../../../../../Flo/Suli/BME/Szakdolgozat/Illusion/Content/Levels/IllusionTestMap/IllusionTestMap_entity0_brush79.uasset" 487
"../../../../../Flo/Suli/BME/Szakdolgozat/Illusion/Content/Levels/IllusionTestMap/IllusionTestMap_entity0_brush8.uasset" 488
"../../../../../Flo/Suli/BME/Szakdolgozat/Illusion/Content/Levels/IllusionTestMap/IllusionTestMap_entity0_brush80.uasset" 489
"../../../../../Flo/Suli/BME/Szakdolgozat/Illusion/Content/Levels/IllusionTestMap/IllusionTestMap_entity0_brush81.uasset" 490
"../../../../../Flo/Suli/BME/Szakdolgozat/Illusion/Content/Levels/IllusionTestMap/IllusionTestMap_entity0_brush82.uasset" 491
"../../../../../Flo/Suli/BME/Szakdolgozat/Illusion/Content/Levels/IllusionTestMap/IllusionTestMap_entity0_brush83.uasset" 492
"../../../../../Flo/Suli/BME/Szakdolgozat/Illusion/Content/Levels/IllusionTestMap/IllusionTestMap_entity0_brush84.uasset" 493
"../../../../../Flo/Suli/BME/Szakdolgozat/Illusion/Content/Levels/IllusionTestMap/IllusionTestMap_entity0_brush85.uasset" 494
"../../../../../Flo/Suli/BME/Szakdolgozat/Illusion/Content/Levels/IllusionTestMap/IllusionTestMap_entity0_brush86.uasset" 495
"../../../../../Flo/Suli/BME/Szakdolgozat/Illusion/Content/Levels/IllusionTestMap/IllusionTestMap_entity0_brush87.uasset" 496
"../../../../../Flo/Suli/BME/Szakdolgozat/Illusion/Content/Levels/IllusionTestMap/IllusionTestMap_entity0_brush88.uasset" 497
"../../../../../Flo/Suli/BME/Szakdolgozat/Illusion/Content/Levels/IllusionTestMap/IllusionTestMap_entity0_brush89.uasset" 498
"../../../../../Flo/Suli/BME/Szakdolgozat/Illusion/Content/Levels/IllusionTestMap/IllusionTestMap_entity0_brush9.uasset" 499
"../../../../../Flo/Suli/BME/Szakdolgozat/Illusion/Content/Levels/IllusionTestMap/IllusionTestMap_entity0_brush90.uasset" 500
"../../../../../Flo/Suli/BME/Szakdolgozat/Illusion/Content/Levels/IllusionTestMap/IllusionTestMap_entity0_brush91.uasset" 501
"../../../../../Flo/Suli/BME/Szakdolgozat/Illusion/Content/Levels/IllusionTestMap/IllusionTestMap_entity0_brush92.uasset" 502
"../../../../../Flo/Suli/BME/Szakdolgozat/Illusion/Content/Levels/IllusionTestMap/IllusionTestMap_entity0_brush93.uasset" 503
"../../../../../Flo/Suli/BME/Szakdolgozat/Illusion/Content/Levels/IllusionTestMap/IllusionTestMap_entity0_brush94.uasset" 504
"../../../../../Flo/Suli/BME/Szakdolgozat/Illusion/Content/Levels/IllusionTestMap/IllusionTestMap_entity0_brush95.uasset" 505
"../../../../../Flo/Suli/BME/Szakdolgozat/Illusion/Content/Levels/IllusionTestMap/IllusionTestMap_entity0_brush96.uasset" 506
"../../../../../Flo/Suli/BME/Szakdolgozat/Illusion/Content/Levels/IllusionTestMap/IllusionTestMap_entity0_brush97.uasset" 507
"../../../../../Flo/Suli/BME/Szakdolgozat/Illusion/Content/Levels/IllusionTestMap/IllusionTestMap_entity0_brush98.uasset" 508
"../../../../../Flo/Suli/BME/Szakdolgozat/Illusion/Content/Levels/IllusionTestMap/IllusionTestMap_entity0_brush99.uasset" 509
"../../../../../Flo/Suli/BME/Szakdolgozat/Illusion/Content/Levels/IllusionTestMap/IllusionTestMap_entity184_brush0.uasset" 510
"../../../../../Flo/Suli/BME/Szakdolgozat/Illusion/Content/Levels/IllusionTestMap/IllusionTestMap_entity184_brush1.uasset" 511
"../../../../../Flo/Suli/BME/Szakdolgozat/Illusion/Content/Levels/IllusionTestMap/IllusionTestMap_entity184_brush2.uasset" 512
"../../../../../Flo/Suli/BME/Szakdolgozat/Illusion/Content/Levels/IllusionTestMap/IllusionTestMap_entity184_brush3.uasset" 513
"../../../../../Flo/Suli/BME/Szakdolgozat/Illusion/Content/Levels/IllusionTestMap/IllusionTestMap_entity185_brush0.uasset" 514
"../../../../../Flo/Suli/BME/Szakdolgozat/Illusion/Content/Levels/IllusionTestMap/IllusionTestMap_entity185_brush1.uasset" 515
"../../../../../Flo/Suli/BME/Szakdolgozat/Illusion/Content/Levels/IllusionTestMap/IllusionTestMap_entity185_brush2.uasset" 516
"../../../../../Flo/Suli/BME/Szakdolgozat/Illusion/Content/Levels/IllusionTestMap/IllusionTestMap_entity185_brush3.uasset" 517
"../../../../../Flo/Suli/BME/Szakdolgozat/Illusion/Content/Levels/IllusionTestMap/IllusionTestMap_entity208_brush0.uasset" 518
"../../../../../Flo/Suli/BME/Szakdolgozat/Illusion/Content/Levels/IllusionTestMap/IllusionTestMap_entity208_brush1.uasset" 519
"../../../../../Flo/Suli/BME/Szakdolgozat/Illusion/Content/Levels/IllusionTestMap/IllusionTestMap_entity208_brush2.uasset" 520
"../../../../../Flo/Suli/BME/Szakdolgozat/Illusion/Content/Levels/IllusionTestMap/IllusionTestMap_entity208_brush3.uasset" 521
"../../../../../Flo/Suli/BME/Szakdolgozat/Illusion/Content/Levels/IllusionTestMap/IllusionTestMap_entity209_brush0.uasset" 522
"../../../../../Flo/Suli/BME/Szakdolgozat/Illusion/Content/Levels/IllusionTestMap/IllusionTestMap_entity209_brush1.uasset" 523
"../../../../../Flo/Suli/BME/Szakdolgozat/Illusion/Content/Levels/IllusionTestMap/IllusionTestMap_entity209_brush2.uasset" 524
"../../../../../Flo/Suli/BME/Szakdolgozat/Illusion/Content/Levels/IllusionTestMap/IllusionTestMap_entity209_brush3.uasset" 525
"../../../../../Flo/Suli/BME/Szakdolgozat/Illusion/Content/Levels/IllusionTestMap/IllusionTestMap_entity210_brush0.uasset" 526
"../../../../../Flo/Suli/BME/Szakdolgozat/Illusion/Content/Levels/IllusionTestMap/IllusionTestMap_entity210_brush1.uasset" 527
"../../../../../Flo/Suli/BME/Szakdolgozat/Illusion/Content/Levels/IllusionTestMap/IllusionTestMap_entity210_brush2.uasset" 528
"../../../../../Flo/Suli/BME/Szakdolgozat/Illusion/Content/Levels/IllusionTestMap/IllusionTestMap_entity210_brush3.uasset" 529
"../../../../../Flo/Suli/BME/Szakdolgozat/Illusion/Content/Levels/IllusionTestMap/IllusionTestMap_entity211_brush0.uasset" 530
"../../../../../Flo/Suli/BME/Szakdolgozat/Illusion/Content/Levels/IllusionTestMap/IllusionTestMap_entity211_brush1.uasset" 531
"../../../../../Flo/Suli/BME/Szakdolgozat/Illusion/Content/Levels/IllusionTestMap/IllusionTestMap_entity211_brush2.uasset" 532
"../../../../../Flo/Suli/BME/Szakdolgozat/Illusion/Content/Levels/IllusionTestMap/IllusionTestMap_entity211_brush3.uasset" 533
"../../../../../Flo/Suli/BME/Szakdolgozat/Illusion/Content/Levels/IllusionTestMap/IllusionTestMap_entity212_brush0.uasset" 534
"../../../../../Flo/Suli/BME/Szakdolgozat/Illusion/Content/Levels/IllusionTestMap/IllusionTestMap_entity212_brush1.uasset" 535
"../../../../../Flo/Suli/BME/Szakdolgozat/Illusion/Content/Levels/IllusionTestMap/IllusionTestMap_entity212_brush2.uasset" 536
"../../../../../Flo/Suli/BME/Szakdolgozat/Illusion/Content/Levels/IllusionTestMap/IllusionTestMap_entity212_brush3.uasset" 537
"../../../../../Flo/Suli/BME/Szakdolgozat/Illusion/Content/Levels/IllusionTestMap/IllusionTestMap_entity213_brush0.uasset" 538
"../../../../../Flo/Suli/BME/Szakdolgozat/Illusion/Content/Levels/IllusionTestMap/IllusionTestMap_entity213_brush1.uasset" 539
"../../../../../Flo/Suli/BME/Szakdolgozat/Illusion/Content/Levels/IllusionTestMap/IllusionTestMap_entity213_brush2.uasset" 540
"../../../../../Flo/Suli/BME/Szakdolgozat/Illusion/Content/Levels/IllusionTestMap/IllusionTestMap_entity213_brush3.uasset" 541
"../../../../../Flo/Suli/BME/Szakdolgozat/Illusion/Content/Levels/IllusionTestMap/IllusionTestMap_entity214_brush0.uasset" 542
"../../../../../Flo/Suli/BME/Szakdolgozat/Illusion/Content/Levels/IllusionTestMap/IllusionTestMap_entity214_brush1.uasset" 543
"../../../../../Flo/Suli/BME/Szakdolgozat/Illusion/Content/Levels/IllusionTestMap/IllusionTestMap_entity214_brush2.uasset" 544
"../../../../../Flo/Suli/BME/Szakdolgozat/Illusion/Content/Levels/IllusionTestMap/IllusionTestMap_entity214_brush3.uasset" 545
"../../../../../Flo/Suli/BME/Szakdolgozat/Illusion/Content/Levels/IllusionTestMap/IllusionTestMap_entity215_brush0.uasset" 546
"../../../../../Flo/Suli/BME/Szakdolgozat/Illusion/Content/Levels/IllusionTestMap/IllusionTestMap_entity215_brush1.uasset" 547
"../../../../../Flo/Suli/BME/Szakdolgozat/Illusion/Content/Levels/IllusionTestMap/IllusionTestMap_entity215_brush2.uasset" 548
"../../../../../Flo/Suli/BME/Szakdolgozat/Illusion/Content/Levels/IllusionTestMap/IllusionTestMap_entity215_brush3.uasset" 549
"../../../../../Flo/Suli/BME/Szakdolgozat/Illusion/Content/Levels/IllusionTestMap/IllusionTestMap_entity216_brush0.uasset" 550
"../../../../../Flo/Suli/BME/Szakdolgozat/Illusion/Content/Levels/IllusionTestMap/IllusionTestMap_entity216_brush1.uasset" 551
"../../../../../Flo/Suli/BME/Szakdolgozat/Illusion/Content/Levels/IllusionTestMap/IllusionTestMap_entity216_brush2.uasset" 552
"../../../../../Flo/Suli/BME/Szakdolgozat/Illusion/Content/Levels/IllusionTestMap/IllusionTestMap_entity216_brush3.uasset" 553
"../../../../../Flo/Suli/BME/Szakdolgozat/Illusion/Content/Levels/IllusionTestMap/IllusionTestMap_entity217_brush0.uasset" 554
"../../../../../Flo/Suli/BME/Szakdolgozat/Illusion/Content/Levels/IllusionTestMap/IllusionTestMap_entity217_brush1.uasset" 555
"../../../../../Flo/Suli/BME/Szakdolgozat/Illusion/Content/Levels/IllusionTestMap/IllusionTestMap_entity217_brush2.uasset" 556
"../../../../../Flo/Suli/BME/Szakdolgozat/Illusion/Content/Levels/IllusionTestMap/IllusionTestMap_entity217_brush3.uasset" 557
"../../../../../Flo/Suli/BME/Szakdolgozat/Illusion/Content/Levels/IllusionTestMap/IllusionTestMap_entity245_brush0.uasset" 558
"../../../../../Flo/Suli/BME/Szakdolgozat/Illusion/Content/Levels/IllusionTestMap/IllusionTestMap_entity40_brush0.uasset" 559
"../../../../../Flo/Suli/BME/Szakdolgozat/Illusion/Content/Levels/IllusionTestMap/IllusionTestMap_entity40_brush1.uasset" 560
"../../../../../Flo/Suli/BME/Szakdolgozat/Illusion/Content/Levels/IllusionTestMap/IllusionTestMap_entity40_brush2.uasset" 561
"../../../../../Flo/Suli/BME/Szakdolgozat/Illusion/Content/Levels/IllusionTestMap/IllusionTestMap_entity40_brush3.uasset" 562
"../../../../../Flo/Suli/BME/Szakdolgozat/Illusion/Content/Levels/IllusionTestMap/64_grey_4.uasset" 563
"../../../../../Flo/Suli/BME/Szakdolgozat/Illusion/Content/Levels/IllusionTestMap/IllusionTestMap_entity5_brush0.uasset" 564
"../../../../../Flo/Suli/BME/Szakdolgozat/Illusion/Content/Levels/IllusionTestMap/IllusionTestMap_entity5_brush1.uasset" 565
"../../../../../Flo/Suli/BME/Szakdolgozat/Illusion/Content/Levels/IllusionTestMap/IllusionTestMap_entity5_brush2.uasset" 566
"../../../../../Flo/Suli/BME/Szakdolgozat/Illusion/Content/Levels/IllusionTestMap/IllusionTestMap_entity5_brush3.uasset" 567
"../../../../../Flo/Suli/BME/Szakdolgozat/Illusion/Content/Levels/IllusionTestMap/IllusionTestMap_entity66_brush0.uasset" 568
"../../../../../Flo/Suli/BME/Szakdolgozat/Illusion/Content/Levels/IllusionTestMap/IllusionTestMap_entity66_brush1.uasset" 569
"../../../../../Flo/Suli/BME/Szakdolgozat/Illusion/Content/Levels/IllusionTestMap/IllusionTestMap_entity66_brush3.uasset" 570
"../../../../../Flo/Suli/BME/Szakdolgozat/Illusion/Content/Levels/IllusionTestMap/IllusionTestMap_entity67_brush0.uasset" 571
"../../../../../Flo/Suli/BME/Szakdolgozat/Illusion/Content/Levels/IllusionTestMap/IllusionTestMap_entity68_brush0.uasset" 572
"../../../../../Flo/Suli/BME/Szakdolgozat/Illusion/Content/Levels/IllusionTestMap/IllusionTestMap_entity68_brush1.uasset" 573
"../../../../../Flo/Suli/BME/Szakdolgozat/Illusion/Content/Levels/IllusionTestMap/IllusionTestMap_entity68_brush2.uasset" 574
"../../../../../Flo/Suli/BME/Szakdolgozat/Illusion/Content/Levels/IllusionTestMap/IllusionTestMap_entity68_brush3.uasset" 575
"../../../../../Flo/Suli/BME/Szakdolgozat/Illusion/Content/Levels/IllusionTestMap/IllusionTestMap_entity81_brush0.uasset" 576
"../../../../../Flo/Suli/BME/Szakdolgozat/Illusion/Content/Levels/IllusionTestMap/IllusionTestMap_entity82_brush0.uasset" 577
"../../../../../Flo/Suli/BME/Szakdolgozat/Illusion/Content/Levels/IllusionTestMap/IllusionTestMap_entity82_brush1.uasset" 578
"../../../../../Flo/Suli/BME/Szakdolgozat/Illusion/Content/Levels/IllusionTestMap/IllusionTestMap_entity82_brush2.uasset" 579
"../../../../../Flo/Suli/BME/Szakdolgozat/Illusion/Content/Levels/IllusionTestMap/IllusionTestMap_entity82_brush3.uasset" 580
"../../../../../Flo/Suli/BME/Szakdolgozat/Illusion/Content/Levels/IllusionTestMap/IllusionTestMap_entity82_brush4.uasset" 581
"../../../../../Flo/Suli/BME/Szakdolgozat/Illusion/Content/Meshes/20779_Pentagrammic_antiprism_v1Mat.uasset" 582
"../../../../../Flo/Suli/BME/Szakdolgozat/Illusion/Content/Meshes/20779_Pentagrammic_antiprism_v1.uasset" 583
"../../../../../Flo/Suli/BME/Szakdolgozat/Illusion/Content/PauseExitWidget.uasset" 584
"../../../Engine/Content/EditorMaterials/Thumbnails/SkySphereMaterial.uasset" 585
"../../../../../Flo/Suli/BME/Szakdolgozat/Illusion/Content/Skybox/Skybox.uasset" 586
"../../../../../Flo/Suli/BME/Szakdolgozat/Illusion/Content/TimerWidget.uasset" 587
"../../../../../Flo/Suli/BME/Szakdolgozat/Illusion/Content/VirtualRealityBP/Maps/MotionControllerMap.umap" 588
"../../../../../Flo/Suli/BME/Szakdolgozat/Illusion/Content/VirtualRealityBP/Maps/StartupMap_BuiltData.uasset" 589
"../../../../../Flo/Suli/BME/Szakdolgozat/Illusion/Content/VirtualReality/Materials/GenericHMDMaterial.uasset" 590
"../../../Engine/Content/MapTemplates/Sky/DaylightAmbientCubemap.uasset" 591
"../../../../../Flo/Suli/BME/Szakdolgozat/Illusion/Content/VirtualReality/Meshes/GenericHMD.uasset" 592
"../../../../../Flo/Suli/BME/Szakdolgozat/Illusion/Content/VirtualRealityBP/Maps/StartupMap.umap" 593
"../../../Engine/Content/Maps/Entry_BuiltData.uasset" 594
"../../../Engine/Content/Maps/Entry.umap" 595
